c:\users\winbase\code\of_v0.10.0_vs2017_release\apps\myapps\rgbdobjrec2\obj\debug\src\ofapp.obj
c:\users\winbase\code\of_v0.10.0_vs2017_release\apps\myapps\rgbdobjrec2\obj\debug\src\main.obj
c:\users\winbase\code\of_v0.10.0_vs2017_release\apps\myapps\rgbdobjrec2\obj\debug\vc141.pdb
c:\users\winbase\code\of_v0.10.0_vs2017_release\apps\myapps\addons\ofxcv\libs\cld\src\etf.obj
c:\users\winbase\code\of_v0.10.0_vs2017_release\apps\myapps\addons\ofxcv\libs\cld\src\fdog.obj
c:\users\winbase\code\of_v0.10.0_vs2017_release\apps\myapps\addons\ofxcv\libs\ofxcv\src\objectfinder.obj
c:\users\winbase\code\of_v0.10.0_vs2017_release\apps\myapps\addons\ofxcv\libs\ofxcv\src\contourfinder.obj
c:\users\winbase\code\of_v0.10.0_vs2017_release\apps\myapps\addons\ofxcv\libs\ofxcv\src\distance.obj
c:\users\winbase\code\of_v0.10.0_vs2017_release\apps\myapps\addons\ofxcv\libs\ofxcv\src\tracker.obj
c:\users\winbase\code\of_v0.10.0_vs2017_release\apps\myapps\addons\ofxcv\libs\ofxcv\src\helpers.obj
c:\users\winbase\code\of_v0.10.0_vs2017_release\apps\myapps\addons\ofxcv\libs\ofxcv\src\wrappers.obj
c:\users\winbase\code\of_v0.10.0_vs2017_release\apps\myapps\addons\ofxcv\libs\ofxcv\src\runningbackground.obj
c:\users\winbase\code\of_v0.10.0_vs2017_release\apps\myapps\addons\ofxcv\libs\ofxcv\src\utilities.obj
c:\users\winbase\code\of_v0.10.0_vs2017_release\apps\myapps\addons\ofxcv\libs\ofxcv\src\kalman.obj
c:\users\winbase\code\of_v0.10.0_vs2017_release\apps\myapps\addons\ofxcv\libs\ofxcv\src\flow.obj
c:\users\winbase\code\of_v0.10.0_vs2017_release\apps\myapps\addons\ofxcv\libs\ofxcv\src\calibration.obj
c:\users\winbase\code\of_v0.10.0_vs2017_release\apps\myapps\addons\ofxopencv\src\ofxcvcolorimage.obj
c:\users\winbase\code\of_v0.10.0_vs2017_release\apps\myapps\addons\ofxopencv\src\ofxcvcontourfinder.obj
c:\users\winbase\code\of_v0.10.0_vs2017_release\apps\myapps\addons\ofxopencv\src\ofxcvshortimage.obj
c:\users\winbase\code\of_v0.10.0_vs2017_release\apps\myapps\addons\ofxopencv\src\ofxcvfloatimage.obj
c:\users\winbase\code\of_v0.10.0_vs2017_release\apps\myapps\addons\ofxopencv\src\ofxcvimage.obj
c:\users\winbase\code\of_v0.10.0_vs2017_release\apps\myapps\addons\ofxopencv\src\ofxcvhaarfinder.obj
c:\users\winbase\code\of_v0.10.0_vs2017_release\apps\myapps\addons\ofxopencv\src\ofxcvgrayscaleimage.obj
c:\users\winbase\code\of_v0.10.0_vs2017_release\apps\myapps\rgbdobjrec2\obj\debug\icon.res
c:\users\winbase\code\of_v0.10.0_vs2017_release\apps\myapps\rgbdobjrec2\obj\debug\rgbdobjrec2.tlog\cl.command.1.tlog
c:\users\winbase\code\of_v0.10.0_vs2017_release\apps\myapps\rgbdobjrec2\obj\debug\rgbdobjrec2.tlog\cl.read.1.tlog
c:\users\winbase\code\of_v0.10.0_vs2017_release\apps\myapps\rgbdobjrec2\obj\debug\rgbdobjrec2.tlog\cl.write.1.tlog
c:\users\winbase\code\of_v0.10.0_vs2017_release\apps\myapps\rgbdobjrec2\obj\debug\rgbdobjrec2.tlog\link-cvtres.read.1.tlog
c:\users\winbase\code\of_v0.10.0_vs2017_release\apps\myapps\rgbdobjrec2\obj\debug\rgbdobjrec2.tlog\link-cvtres.write.1.tlog
c:\users\winbase\code\of_v0.10.0_vs2017_release\apps\myapps\rgbdobjrec2\obj\debug\rgbdobjrec2.tlog\link-rc.read.1.tlog
c:\users\winbase\code\of_v0.10.0_vs2017_release\apps\myapps\rgbdobjrec2\obj\debug\rgbdobjrec2.tlog\link-rc.write.1.tlog
c:\users\winbase\code\of_v0.10.0_vs2017_release\apps\myapps\rgbdobjrec2\obj\debug\rgbdobjrec2.tlog\link.command.1.tlog
c:\users\winbase\code\of_v0.10.0_vs2017_release\apps\myapps\rgbdobjrec2\obj\debug\rgbdobjrec2.tlog\link.read.1.tlog
c:\users\winbase\code\of_v0.10.0_vs2017_release\apps\myapps\rgbdobjrec2\obj\debug\rgbdobjrec2.tlog\link.write.1.tlog
c:\users\winbase\code\of_v0.10.0_vs2017_release\apps\myapps\rgbdobjrec2\obj\debug\rgbdobjrec2.tlog\rc.command.1.tlog
c:\users\winbase\code\of_v0.10.0_vs2017_release\apps\myapps\rgbdobjrec2\obj\debug\rgbdobjrec2.tlog\rc.read.1.tlog
c:\users\winbase\code\of_v0.10.0_vs2017_release\apps\myapps\rgbdobjrec2\obj\debug\rgbdobjrec2.tlog\rc.write.1.tlog
